<?xml version="1.0" encoding="UTF-8"?>
<!-- Generated by org.testng.reporters.JUnitXMLReporter -->
<testsuite hostname="LP-PC0MQFYK" ignored="0" name="Test" tests="9" failures="3" timestamp="29 Apr 2019 11:19:18 GMT" time="2.971" errors="0">
  <testcase name="GooglePageTest" time="1.735" classname="Execute_Failed_TestCases_Using_IRetryAnalyzer.FailedTestCases">
    <skipped/>
  </testcase> <!-- GooglePageTest -->
  <testcase name="GooglePageTest" time="0.564" classname="Execute_Failed_TestCases_Using_IRetryAnalyzer.FailedTestCases">
    <skipped/>
  </testcase> <!-- GooglePageTest -->
  <testcase name="GooglePageTest" time="0.594" classname="Execute_Failed_TestCases_Using_IRetryAnalyzer.FailedTestCases">
    <failure type="org.openqa.selenium.WebDriverException" message="unknown error: cannot find Chrome binary
  (Driver info: chromedriver=2.43.600210 (68dcf5eebde37173d4027fa8635e332711d2874a),platform=Windows NT 10.0.16299 x86_64) (WARNING: The server did not provide any stacktrace information)
Command duration or timeout: 63 milliseconds
Build info: version: &amp;apos;3.8.1&amp;apos;, revision: &amp;apos;6e95a6684b&amp;apos;, time: &amp;apos;2017-12-01T18:33:54.468Z&amp;apos;
System info: host: &amp;apos;LP-PC0MQFYK&amp;apos;, ip: &amp;apos;10.141.234.108&amp;apos;, os.name: &amp;apos;Windows 10&amp;apos;, os.arch: &amp;apos;amd64&amp;apos;, os.version: &amp;apos;10.0&amp;apos;, java.version: &amp;apos;1.8.0_131&amp;apos;
Driver info: driver.version: ChromeDriver">
      <![CDATA[org.openqa.selenium.WebDriverException: unknown error: cannot find Chrome binary
  (Driver info: chromedriver=2.43.600210 (68dcf5eebde37173d4027fa8635e332711d2874a),platform=Windows NT 10.0.16299 x86_64) (WARNING: The server did not provide any stacktrace information)
Command duration or timeout: 63 milliseconds
Build info: version: '3.8.1', revision: '6e95a6684b', time: '2017-12-01T18:33:54.468Z'
System info: host: 'LP-PC0MQFYK', ip: '10.141.234.108', os.name: 'Windows 10', os.arch: 'amd64', os.version: '10.0', java.version: '1.8.0_131'
Driver info: driver.version: ChromeDriver
	at org.openqa.selenium.remote.ErrorHandler.createThrowable(ErrorHandler.java:214)
	at org.openqa.selenium.remote.ErrorHandler.throwIfResponseFailed(ErrorHandler.java:166)
	at org.openqa.selenium.remote.JsonWireProtocolResponse.lambda$new$0(JsonWireProtocolResponse.java:53)
	at org.openqa.selenium.remote.JsonWireProtocolResponse.lambda$getResponseFunction$2(JsonWireProtocolResponse.java:91)
	at org.openqa.selenium.remote.ProtocolHandshake.lambda$createSession$0(ProtocolHandshake.java:123)
	at java.util.stream.ReferencePipeline$3$1.accept(ReferencePipeline.java:193)
	at java.util.Spliterators$ArraySpliterator.tryAdvance(Spliterators.java:958)
	at java.util.stream.ReferencePipeline.forEachWithCancel(ReferencePipeline.java:126)
	at java.util.stream.AbstractPipeline.copyIntoWithCancel(AbstractPipeline.java:498)
	at java.util.stream.AbstractPipeline.copyInto(AbstractPipeline.java:485)
	at java.util.stream.AbstractPipeline.wrapAndCopyInto(AbstractPipeline.java:471)
	at java.util.stream.FindOps$FindOp.evaluateSequential(FindOps.java:152)
	at java.util.stream.AbstractPipeline.evaluate(AbstractPipeline.java:234)
	at java.util.stream.ReferencePipeline.findFirst(ReferencePipeline.java:464)
	at org.openqa.selenium.remote.ProtocolHandshake.createSession(ProtocolHandshake.java:126)
	at org.openqa.selenium.remote.ProtocolHandshake.createSession(ProtocolHandshake.java:73)
	at org.openqa.selenium.remote.HttpCommandExecutor.execute(HttpCommandExecutor.java:142)
	at org.openqa.selenium.remote.service.DriverCommandExecutor.execute(DriverCommandExecutor.java:83)
	at org.openqa.selenium.remote.RemoteWebDriver.execute(RemoteWebDriver.java:601)
	at org.openqa.selenium.remote.RemoteWebDriver.startSession(RemoteWebDriver.java:219)
	at org.openqa.selenium.remote.RemoteWebDriver.<init>(RemoteWebDriver.java:142)
	at org.openqa.selenium.chrome.ChromeDriver.<init>(ChromeDriver.java:181)
	at org.openqa.selenium.chrome.ChromeDriver.<init>(ChromeDriver.java:168)
	at org.openqa.selenium.chrome.ChromeDriver.<init>(ChromeDriver.java:123)
	at Execute_Failed_TestCases_Using_IRetryAnalyzer.FailedTestCases.GooglePageTest(FailedTestCases.java:18)
... Removed 33 stack frames]]>
    </failure>
  </testcase> <!-- GooglePageTest -->
  <testcase name="GmailPageTest" time="0.016" classname="Execute_Failed_TestCases_Using_IRetryAnalyzer.FailedTestCases">
    <skipped/>
  </testcase> <!-- GmailPageTest -->
  <testcase name="GmailPageTest" time="0.0" classname="Execute_Failed_TestCases_Using_IRetryAnalyzer.FailedTestCases">
    <skipped/>
  </testcase> <!-- GmailPageTest -->
  <testcase name="GmailPageTest" time="0.0" classname="Execute_Failed_TestCases_Using_IRetryAnalyzer.FailedTestCases">
    <failure type="java.lang.NullPointerException">
      <![CDATA[java.lang.NullPointerException
	at Execute_Failed_TestCases_Using_IRetryAnalyzer.FailedTestCases.GmailPageTest(FailedTestCases.java:33)
... Removed 29 stack frames]]>
    </failure>
  </testcase> <!-- GmailPageTest -->
  <testcase name="LearnMoreTest" time="0.0" classname="Execute_Failed_TestCases_Using_IRetryAnalyzer.FailedTestCases">
    <skipped/>
  </testcase> <!-- LearnMoreTest -->
  <testcase name="LearnMoreTest" time="0.0" classname="Execute_Failed_TestCases_Using_IRetryAnalyzer.FailedTestCases">
    <skipped/>
  </testcase> <!-- LearnMoreTest -->
  <testcase name="LearnMoreTest" time="0.0" classname="Execute_Failed_TestCases_Using_IRetryAnalyzer.FailedTestCases">
    <failure type="java.lang.NullPointerException">
      <![CDATA[java.lang.NullPointerException
	at Execute_Failed_TestCases_Using_IRetryAnalyzer.FailedTestCases.LearnMoreTest(FailedTestCases.java:48)
... Removed 29 stack frames]]>
    </failure>
  </testcase> <!-- LearnMoreTest -->
</testsuite> <!-- Test -->
